<?xml version="1.0" encoding="UTF-8"?>
<!-- Generated by org.testng.reporters.JUnitReportReporter -->
<testsuite hostname="jgsenthil-PC" name="com.rb.promise.base.All" tests="1" failures="0" timestamp="10 Aug 2015 13:25:38 GMT" time="0.019" errors="0">
  <testcase name="allin" time="0.019" classname="com.rb.promise.base.All"/>
</testsuite> <!-- com.rb.promise.base.All -->
