<?xml version="1.0" encoding="UTF-8"?>
<!-- Generated by org.testng.reporters.JUnitReportReporter -->
<testsuite hostname="jgsenthil-PC" name="com.rb.promise.pageObjectsTests.CreateProjectTest001" tests="1" failures="0" timestamp="3 Nov 2015 15:15:32 GMT" time="42.533" errors="0">
  <testcase name="CreateProject001Test" time="42.533" classname="com.rb.promise.pageObjectsTests.CreateProjectTest001"/>
</testsuite> <!-- com.rb.promise.pageObjectsTests.CreateProjectTest001 -->
