<?xml version="1.0" encoding="UTF-8"?>
<!-- Generated by org.testng.reporters.JUnitReportReporter -->
<testsuite hostname="jgsenthil-PC" name="com.rb.promise.pageObjectsTests.PageObjectsTest" tests="1" failures="0" timestamp="10 Aug 2015 13:57:07 GMT" time="0.008" errors="0">
  <testcase name="test" time="0.008" classname="com.rb.promise.pageObjectsTests.PageObjectsTest"/>
</testsuite> <!-- com.rb.promise.pageObjectsTests.PageObjectsTest -->
